To https://github.com/Tro40/dotfiles.git
   62a1d64..0db707c  main -> main
[2026-03-10 12:03:02] Pushed successfully
To https://github.com/Tro40/dotfiles.git
   0db707c..f607e04  main -> main
[2026-03-10 12:06:00] Pushed successfully
To https://github.com/Tro40/dotfiles.git
   f607e04..0935fae  main -> main
[2026-03-10 12:10:46] Pushed successfully
To https://github.com/Tro40/dotfiles.git
   0935fae..4591a48  main -> main
[2026-03-10 12:11:06] Pushed successfully
To https://github.com/Tro40/dotfiles.git
   4591a48..cbf620b  main -> main
[2026-03-10 12:12:04] Pushed successfully
To https://github.com/Tro40/dotfiles.git
   cbf620b..da9a303  main -> main
[2026-03-10 12:12:19] Pushed successfully
To https://github.com/Tro40/dotfiles.git
   845e6b7..c9ad57f  main -> main
[2026-03-10 12:15:00] Pushed successfully
To https://github.com/Tro40/dotfiles.git
   0e78380..26ab184  main -> main
[2026-03-10 12:21:11] Pushed successfully
To https://github.com/Tro40/dotfiles.git
   26ab184..3130d74  main -> main
[2026-03-10 12:21:37] Pushed successfully
To https://github.com/Tro40/dotfiles.git
   3130d74..bea9cc6  main -> main
[2026-03-10 12:22:27] Pushed successfully
To https://github.com/Tro40/dotfiles.git
   bea9cc6..1be6b06  main -> main
[2026-03-10 12:22:40] Pushed successfully
To https://github.com/Tro40/dotfiles.git
   f034303..2035072  main -> main
[2026-03-10 20:20:26] Pushed successfully
To https://github.com/Tro40/dotfiles.git
   2035072..1212966  main -> main
[2026-03-10 20:20:54] Pushed successfully
To https://github.com/Tro40/dotfiles.git
   1212966..b12bfd0  main -> main
[2026-03-10 20:22:45] Pushed successfully
To https://github.com/Tro40/dotfiles.git
   b12bfd0..8478c4d  main -> main
[2026-03-10 20:23:17] Pushed successfully
To https://github.com/Tro40/dotfiles.git
   8478c4d..05a4b6b  main -> main
[2026-03-10 20:23:38] Pushed successfully
To https://github.com/Tro40/dotfiles.git
   05a4b6b..bceb114  main -> main
[2026-03-10 20:24:19] Pushed successfully
To https://github.com/Tro40/dotfiles.git
   bceb114..227ef2d  main -> main
[2026-03-10 20:26:46] Pushed successfully
To https://github.com/Tro40/dotfiles.git
   227ef2d..80a31b6  main -> main
[2026-03-10 20:29:03] Pushed successfully
To https://github.com/Tro40/dotfiles.git
   80a31b6..f1dfeef  main -> main
[2026-03-10 20:30:20] Pushed successfully
To https://github.com/Tro40/dotfiles.git
   f1dfeef..9205375  main -> main
[2026-03-10 20:30:58] Pushed successfully
To https://github.com/Tro40/dotfiles.git
   9205375..be3f04d  main -> main
[2026-03-10 20:38:16] Pushed successfully
To https://github.com/Tro40/dotfiles.git
   be3f04d..8dbdf40  main -> main
[2026-03-10 20:44:09] Pushed successfully
To https://github.com/Tro40/dotfiles.git
   8dbdf40..48e918d  main -> main
[2026-03-10 20:50:27] Pushed successfully
To https://github.com/Tro40/dotfiles.git
   48e918d..6f6d68a  main -> main
[2026-03-10 20:58:32] Pushed successfully
To https://github.com/Tro40/dotfiles.git
   6f6d68a..7b19d13  main -> main
[2026-03-10 20:59:15] Pushed successfully
To https://github.com/Tro40/dotfiles.git
   7b19d13..4bfcaf0  main -> main
[2026-03-10 20:59:54] Pushed successfully
To https://github.com/Tro40/dotfiles.git
   4bfcaf0..3f1e0ba  main -> main
[2026-03-10 21:08:04] Pushed successfully
To https://github.com/Tro40/dotfiles.git
   3f1e0ba..54d4532  main -> main
[2026-03-10 21:08:46] Pushed successfully
To https://github.com/Tro40/dotfiles.git
   54d4532..e8696da  main -> main
[2026-03-10 21:10:16] Pushed successfully
To https://github.com/Tro40/dotfiles.git
   e8696da..3c12b1d  main -> main
[2026-03-10 21:10:50] Pushed successfully
To https://github.com/Tro40/dotfiles.git
   3c12b1d..9aae34c  main -> main
[2026-03-10 21:11:46] Pushed successfully
To https://github.com/Tro40/dotfiles.git
   9aae34c..56e893f  main -> main
[2026-03-10 21:14:26] Pushed successfully
To https://github.com/Tro40/dotfiles.git
   56e893f..fb15153  main -> main
[2026-03-10 21:19:25] Pushed successfully
To https://github.com/Tro40/dotfiles.git
   fb15153..a565eb0  main -> main
[2026-03-10 21:20:30] Pushed successfully
To https://github.com/Tro40/dotfiles.git
   a565eb0..406e524  main -> main
[2026-03-10 21:22:06] Pushed successfully
To https://github.com/Tro40/dotfiles.git
   406e524..585ddc3  main -> main
[2026-03-10 21:43:57] Pushed successfully
To https://github.com/Tro40/dotfiles.git
   585ddc3..5d32b46  main -> main
[2026-03-10 21:44:09] Pushed successfully
To https://github.com/Tro40/dotfiles.git
   5d32b46..f14c2dd  main -> main
[2026-03-10 21:44:25] Pushed successfully
To https://github.com/Tro40/dotfiles.git
   f14c2dd..0993ba4  main -> main
[2026-03-10 21:48:13] Pushed successfully
To https://github.com/Tro40/dotfiles.git
   0993ba4..1f7e2ed  main -> main
[2026-03-10 21:48:21] Pushed successfully
To https://github.com/Tro40/dotfiles.git
   1f7e2ed..56227af  main -> main
[2026-03-10 21:48:30] Pushed successfully
To https://github.com/Tro40/dotfiles.git
   56227af..df9b6d7  main -> main
[2026-03-10 21:48:39] Pushed successfully
To https://github.com/Tro40/dotfiles.git
   df9b6d7..c94561d  main -> main
[2026-03-10 21:48:46] Pushed successfully
To https://github.com/Tro40/dotfiles.git
   c94561d..3ff4422  main -> main
[2026-03-10 21:48:53] Pushed successfully
To https://github.com/Tro40/dotfiles.git
   3ff4422..ac5611a  main -> main
[2026-03-10 21:49:57] Pushed successfully
To https://github.com/Tro40/dotfiles.git
   ac5611a..197c7e1  main -> main
[2026-03-10 21:58:36] Pushed successfully
To https://github.com/Tro40/dotfiles.git
   197c7e1..1586210  main -> main
[2026-03-10 21:58:51] Pushed successfully
To https://github.com/Tro40/dotfiles.git
   1586210..26385d5  main -> main
[2026-03-10 21:59:03] Pushed successfully
To https://github.com/Tro40/dotfiles.git
   26385d5..ff69a22  main -> main
[2026-03-10 21:59:13] Pushed successfully
To https://github.com/Tro40/dotfiles.git
   ff69a22..15f3ed4  main -> main
[2026-03-10 21:59:21] Pushed successfully
To https://github.com/Tro40/dotfiles.git
   15f3ed4..2e02325  main -> main
[2026-03-10 21:59:30] Pushed successfully
To https://github.com/Tro40/dotfiles.git
   2e02325..bfadbd3  main -> main
[2026-03-10 22:10:42] Pushed successfully
To https://github.com/Tro40/dotfiles.git
   bfadbd3..b00539f  main -> main
[2026-03-10 22:10:51] Pushed successfully
To https://github.com/Tro40/dotfiles.git
   b00539f..665f995  main -> main
[2026-03-10 22:11:01] Pushed successfully
To https://github.com/Tro40/dotfiles.git
   665f995..2ed6f16  main -> main
[2026-03-10 22:16:23] Pushed successfully
To https://github.com/Tro40/dotfiles.git
   2ed6f16..fb01dae  main -> main
[2026-03-10 22:19:07] Pushed successfully
To https://github.com/Tro40/dotfiles.git
   fb01dae..671eeec  main -> main
[2026-03-10 22:25:41] Pushed successfully
To https://github.com/Tro40/dotfiles.git
   671eeec..abcecda  main -> main
[2026-03-10 22:32:19] Pushed successfully
To https://github.com/Tro40/dotfiles.git
   abcecda..827ae23  main -> main
[2026-03-10 22:48:02] Pushed successfully
To https://github.com/Tro40/dotfiles.git
   827ae23..7be34fb  main -> main
[2026-03-10 22:51:48] Pushed successfully
To https://github.com/Tro40/dotfiles.git
   7be34fb..4283e48  main -> main
[2026-03-10 22:55:30] Pushed successfully
To https://github.com/Tro40/dotfiles.git
   4283e48..44d6fc9  main -> main
[2026-03-10 23:08:31] Pushed successfully
To https://github.com/Tro40/dotfiles.git
   44d6fc9..9083a1c  main -> main
[2026-03-10 23:29:02] Pushed successfully
To https://github.com/Tro40/dotfiles.git
   9083a1c..271743e  main -> main
[2026-03-11 18:57:33] Pushed successfully
To https://github.com/Tro40/dotfiles.git
   271743e..532b481  main -> main
[2026-03-11 18:58:17] Pushed successfully
To https://github.com/Tro40/dotfiles.git
   532b481..e6bcfbd  main -> main
[2026-03-11 19:03:58] Pushed successfully
To https://github.com/Tro40/dotfiles.git
   e6bcfbd..a1c04dc  main -> main
[2026-03-11 19:05:58] Pushed successfully
To https://github.com/Tro40/dotfiles.git
   a1c04dc..eea2a29  main -> main
[2026-03-11 19:09:02] Pushed successfully
To https://github.com/Tro40/dotfiles.git
   eea2a29..76bc606  main -> main
[2026-03-11 19:09:57] Pushed successfully
To https://github.com/Tro40/dotfiles.git
   76bc606..e77407b  main -> main
[2026-03-11 19:14:40] Pushed successfully
To https://github.com/Tro40/dotfiles.git
   e77407b..306311e  main -> main
[2026-03-11 19:14:45] Pushed successfully
To https://github.com/Tro40/dotfiles.git
   306311e..da82372  main -> main
[2026-03-11 19:34:13] Pushed successfully
